Timestamp: 2025-11-29 19:18:42.974075
Context: generate_tests for suite 'Smoke Test A' at URL: https://saucedemo.com
Exception: Expecting ',' delimiter: line 1 column 539 (char 538)
--------------------------------------------------
Traceback (most recent call last):
  File "/Volumes/Sunil/AntigravityProjects/Testing_Agent_POC/server.py", line 61, in generate_tests
    data = json.loads(json_str)
           ^^^^^^^^^^^^^^^^^^^^
  File "/Users/sunilpandey/miniforge3/lib/python3.12/json/__init__.py", line 346, in loads
    return _default_decoder.decode(s)
           ^^^^^^^^^^^^^^^^^^^^^^^^^^
  File "/Users/sunilpandey/miniforge3/lib/python3.12/json/decoder.py", line 338, in decode
    obj, end = self.raw_decode(s, idx=_w(s, 0).end())
               ^^^^^^^^^^^^^^^^^^^^^^^^^^^^^^^^^^^^^^
  File "/Users/sunilpandey/miniforge3/lib/python3.12/json/decoder.py", line 354, in raw_decode
    obj, end = self.scan_once(s, idx)
               ^^^^^^^^^^^^^^^^^^^^^^
json.decoder.JSONDecodeError: Expecting ',' delimiter: line 1 column 539 (char 538)
