Timestamp: 2025-12-01 17:01:06.003782
Context: generate_tests for suite 'Smoke Test B - Dec-01' at URL: https://demowebshop.tricentis.com/
Exception: PlaywrightGenerator.save_test_metadata() got an unexpected keyword argument 'credentials'
--------------------------------------------------
Traceback (most recent call last):
  File "/Volumes/Sunil/AntigravityProjects/AI_Powered_Testing_Agent/src/core/server.py", line 257, in generate_tests
    metadata_file = generator.save_test_metadata(
                    ^^^^^^^^^^^^^^^^^^^^^^^^^^^^^
TypeError: PlaywrightGenerator.save_test_metadata() got an unexpected keyword argument 'credentials'
